<?xml version="1.0" encoding="UTF-8"?>
<!-- Generated by org.testng.reporters.JUnitReportReporter -->
<testsuite hostname="DESKTOP-ADRDOUL" failures="0" tests="4" name="api.test.userTests" time="9.194" errors="0" timestamp="2024-07-26T20:18:46 IST" skipped="0">
  <testcase classname="api.test.userTests" name="testPostUser" time="3.465"/>
  <testcase classname="api.test.userTests" name="testGetUserByName" time="1.454"/>
  <testcase classname="api.test.userTests" name="testUpdateUserByName" time="2.945"/>
  <testcase classname="api.test.userTests" name="testDeleteUserByName" time="1.330"/>
</testsuite> <!-- api.test.userTests -->
