<?xml version="1.0" encoding="UTF-8"?>
<!-- Generated by org.testng.reporters.JUnitReportReporter -->
<testsuite hostname="DESKTOP-ADRDOUL" failures="0" tests="6" name="api.test.DataDrivenTest" time="9.920" errors="0" timestamp="2024-07-26T13:54:42 IST" skipped="0">
  <testcase classname="api.test.DataDrivenTest" name="testPostuser" time="3.405"/>
  <testcase classname="api.test.DataDrivenTest" name="testPostuser" time="1.585"/>
  <testcase classname="api.test.DataDrivenTest" name="testPostuser" time="1.239"/>
  <testcase classname="api.test.DataDrivenTest" name="testDeleteUserByName" time="1.221"/>
  <testcase classname="api.test.DataDrivenTest" name="testDeleteUserByName" time="1.203"/>
  <testcase classname="api.test.DataDrivenTest" name="testDeleteUserByName" time="1.267"/>
</testsuite> <!-- api.test.DataDrivenTest -->
