<?xml version="1.0" encoding="UTF-8"?>
<!-- Generated by org.testng.reporters.JUnitReportReporter -->
<testsuite hostname="DESKTOP-ADRDOUL" failures="0" tests="4" name="api.test.userTests2" time="7.743" errors="0" timestamp="2024-07-27T12:04:46 IST" skipped="0">
  <testcase classname="api.test.userTests2" name="testPostUser" time="3.229"/>
  <testcase classname="api.test.userTests2" name="testGetUserByName" time="1.199"/>
  <testcase classname="api.test.userTests2" name="testUpdateUserByName" time="2.226"/>
  <testcase classname="api.test.userTests2" name="testDeleteUserByName" time="1.089"/>
</testsuite> <!-- api.test.userTests2 -->
