<?xml version="1.0" encoding="UTF-8"?>
<!-- Generated by org.testng.reporters.JUnitReportReporter -->
<testsuite hostname="DESKTOP-ADRDOUL" failures="0" tests="4" name="api.test.userTests2" time="7.791" errors="0" timestamp="2024-07-28T12:22:46 IST" skipped="0">
  <testcase classname="api.test.userTests2" name="testPostUser" time="3.152"/>
  <testcase classname="api.test.userTests2" name="testGetUserByName" time="1.235"/>
  <testcase classname="api.test.userTests2" name="testUpdateUserByName" time="2.234"/>
  <testcase classname="api.test.userTests2" name="testDeleteUserByName" time="1.170"/>
</testsuite> <!-- api.test.userTests2 -->
